[INFO] 2025-09-22 14:22:14 - ★ 스팸률 수집 작업을 시작합니다. ★
[INFO] 2025-09-22 14:22:14 - 웹 드라이버 설정을 시작합니다.
[INFO] 2025-09-22 14:22:14 - 헤드리스 모드로 실행합니다.
[INFO] 2025-09-22 14:22:14 - ====== WebDriver manager ======
[INFO] 2025-09-22 14:22:16 - Get LATEST chromedriver version for google-chrome
[INFO] 2025-09-22 14:22:16 - Get LATEST chromedriver version for google-chrome
[INFO] 2025-09-22 14:22:16 - Get LATEST chromedriver version for google-chrome
[INFO] 2025-09-22 14:22:17 - WebDriver version 140.0.7339.185 selected
[INFO] 2025-09-22 14:22:17 - Modern chrome version https://storage.googleapis.com/chrome-for-testing-public/140.0.7339.185/win32/chromedriver-win32.zip
[INFO] 2025-09-22 14:22:17 - About to download new driver from https://storage.googleapis.com/chrome-for-testing-public/140.0.7339.185/win32/chromedriver-win32.zip
[INFO] 2025-09-22 14:22:17 - Driver downloading response is 200
[INFO] 2025-09-22 14:22:18 - Get LATEST chromedriver version for google-chrome
[INFO] 2025-09-22 14:22:18 - Driver has been saved in cache [C:\Users\KnWorks\.wdm\drivers\chromedriver\win64\140.0.7339.185]
[INFO] 2025-09-22 14:22:22 - 웹 드라이버가 성공적으로 생성되었습니다.
[INFO] 2025-09-22 14:22:25 - 로그인 페이지로 이동: https://dsat.dev.9rum.cc/#/user/login
[INFO] 2025-09-22 14:22:25 - 아이디와 비밀번호를 입력했습니다.
[INFO] 2025-09-22 14:22:26 - ✅ DSAT 로그인에 성공했습니다.
[INFO] 2025-09-22 14:22:26 - 홈 페이지로 이동: https://dsat.dev.9rum.cc/#/home
[INFO] 2025-09-22 14:22:28 - ✅ '평가 진행율' 값 '84%' 가져오기 성공.
[INFO] 2025-09-22 14:22:28 - 평가 현황 섹션 7개를 찾았습니다.
[INFO] 2025-09-22 14:22:29 - ✅ 평가 현황 정보 수집 완료.
[INFO] 2025-09-22 14:22:29 - 햄/스팸 섹션 7개를 찾았습니다.
[INFO] 2025-09-22 14:22:29 - ✅ 햄/스팸 문서 개수 정보 수집 완료.
[INFO] 2025-09-22 14:22:29 - 평가리포트 페이지로 이동: https://dsat.dev.9rum.cc/#/valuation/result/report
[INFO] 2025-09-22 14:22:29 - 리포트 카드 목록이 나타나기를 기다립니다...
[INFO] 2025-09-22 14:22:30 - ✅ 총 12개의 리포트 카드를 찾았습니다.
[INFO] 2025-09-22 14:22:30 - '대기중' 상태의 리포트를 찾았습니다.
[INFO] 2025-09-22 14:22:30 - 클릭할 리포트: 이미지 2025년 9차
[INFO] 2025-09-22 14:22:30 - 상세 페이지가 로드되기를 기다립니다...
[INFO] 2025-09-22 14:22:30 - ✅ 상세 페이지 로드 완료.
[INFO] 2025-09-22 14:22:31 - ✅ 스팸률 '0.54 %' 가져오기 성공.
[INFO] 2025-09-22 14:22:31 - 스팸 문서 크롤링을 시작합니다.
[INFO] 2025-09-22 14:22:31 - '스팸문서 예시' 섹션을 찾았습니다.
[INFO] 2025-09-22 14:22:34 - ✅ 페이지당 100개 보기로 변경했습니다.
[INFO] 2025-09-22 14:22:37 - ✅ 63개의 스팸 문서를 성공적으로 수집했습니다.
[INFO] 2025-09-22 14:22:37 - ✅ 스팸 문서 63건 수집 완료.
[INFO] 2025-09-22 14:22:40 - ★ 크롬 브라우저 종료 완료 ★
[INFO] 2025-09-22 14:26:23 - ★ 스팸률 수집 작업을 시작합니다. ★
[INFO] 2025-09-22 14:26:23 - 웹 드라이버 설정을 시작합니다.
[INFO] 2025-09-22 14:26:23 - 헤드리스 모드로 실행합니다.
[INFO] 2025-09-22 14:26:23 - ====== WebDriver manager ======
[INFO] 2025-09-22 14:26:24 - Get LATEST chromedriver version for google-chrome
[INFO] 2025-09-22 14:26:25 - Get LATEST chromedriver version for google-chrome
[INFO] 2025-09-22 14:26:25 - Driver [C:\Users\KnWorks\.wdm\drivers\chromedriver\win64\140.0.7339.185\chromedriver-win32/chromedriver.exe] found in cache
[INFO] 2025-09-22 14:26:27 - 웹 드라이버가 성공적으로 생성되었습니다.
[INFO] 2025-09-22 14:26:29 - 로그인 페이지로 이동: https://dsat.dev.9rum.cc/#/user/login
[INFO] 2025-09-22 14:26:29 - 아이디와 비밀번호를 입력했습니다.
[INFO] 2025-09-22 14:26:30 - ✅ DSAT 로그인에 성공했습니다.
[INFO] 2025-09-22 14:26:30 - 홈 페이지로 이동: https://dsat.dev.9rum.cc/#/home
[INFO] 2025-09-22 14:26:32 - ✅ '평가 진행율' 값 '84%' 가져오기 성공.
[INFO] 2025-09-22 14:26:32 - 평가 현황 섹션 7개를 찾았습니다.
[INFO] 2025-09-22 14:26:32 - ✅ 평가 현황 정보 수집 완료.
[INFO] 2025-09-22 14:26:32 - 햄/스팸 섹션 7개를 찾았습니다.
[INFO] 2025-09-22 14:26:32 - ✅ 햄/스팸 문서 개수 정보 수집 완료.
[INFO] 2025-09-22 14:26:32 - 평가리포트 페이지로 이동: https://dsat.dev.9rum.cc/#/valuation/result/report
[INFO] 2025-09-22 14:26:33 - 리포트 카드 목록이 나타나기를 기다립니다...
[INFO] 2025-09-22 14:26:34 - ✅ 총 12개의 리포트 카드를 찾았습니다.
[INFO] 2025-09-22 14:26:34 - '대기중' 상태의 리포트를 찾았습니다.
[INFO] 2025-09-22 14:26:34 - 클릭할 리포트: 이미지 2025년 9차
[INFO] 2025-09-22 14:26:34 - 상세 페이지가 로드되기를 기다립니다...
[INFO] 2025-09-22 14:26:35 - ✅ 상세 페이지 로드 완료.
[INFO] 2025-09-22 14:26:35 - ✅ 스팸률 '0.54 %' 가져오기 성공.
[INFO] 2025-09-22 14:26:35 - 스팸 문서 크롤링을 시작합니다.
[INFO] 2025-09-22 14:26:35 - '스팸문서 예시' 섹션을 찾았습니다.
[INFO] 2025-09-22 14:26:38 - ✅ 페이지당 100개 보기로 변경했습니다.
[INFO] 2025-09-22 14:26:43 - ✅ 63개의 스팸 문서를 성공적으로 수집했습니다.
[INFO] 2025-09-22 14:26:43 - ✅ 스팸 문서 63건 수집 완료.
[INFO] 2025-09-22 14:26:46 - ★ 크롬 브라우저 종료 완료 ★
[INFO] 2025-09-22 14:31:23 - ★ 스팸률 수집 작업을 시작합니다. ★
[INFO] 2025-09-22 14:31:23 - 웹 드라이버 설정을 시작합니다.
[INFO] 2025-09-22 14:31:23 - 헤드리스 모드로 실행합니다.
[INFO] 2025-09-22 14:31:23 - ====== WebDriver manager ======
[INFO] 2025-09-22 14:31:27 - Get LATEST chromedriver version for google-chrome
[INFO] 2025-09-22 14:31:27 - Get LATEST chromedriver version for google-chrome
[INFO] 2025-09-22 14:31:27 - Driver [C:\Users\KnWorks\.wdm\drivers\chromedriver\win64\140.0.7339.185\chromedriver-win32/chromedriver.exe] found in cache
[INFO] 2025-09-22 14:31:31 - 웹 드라이버가 성공적으로 생성되었습니다.
[INFO] 2025-09-22 14:31:33 - 로그인 페이지로 이동: https://dsat.dev.9rum.cc/#/user/login
[INFO] 2025-09-22 14:31:34 - 아이디와 비밀번호를 입력했습니다.
[INFO] 2025-09-22 14:31:35 - ✅ DSAT 로그인에 성공했습니다.
[INFO] 2025-09-22 14:31:35 - 홈 페이지로 이동: https://dsat.dev.9rum.cc/#/home
[INFO] 2025-09-22 14:31:38 - ✅ '평가 진행율' 값 '84%' 가져오기 성공.
[INFO] 2025-09-22 14:31:38 - 평가 현황 섹션 7개를 찾았습니다.
[INFO] 2025-09-22 14:31:38 - ✅ 평가 현황 정보 수집 완료.
[INFO] 2025-09-22 14:31:38 - 햄/스팸 섹션 7개를 찾았습니다.
[INFO] 2025-09-22 14:31:38 - ✅ 햄/스팸 문서 개수 정보 수집 완료.
[INFO] 2025-09-22 14:31:38 - 평가리포트 페이지로 이동: https://dsat.dev.9rum.cc/#/valuation/result/report
[INFO] 2025-09-22 14:31:39 - 리포트 카드 목록이 나타나기를 기다립니다...
[INFO] 2025-09-22 14:31:40 - ✅ 총 12개의 리포트 카드를 찾았습니다.
[INFO] 2025-09-22 14:31:40 - '대기중' 상태의 리포트를 찾았습니다.
[INFO] 2025-09-22 14:31:40 - 클릭할 리포트: 이미지 2025년 9차
[INFO] 2025-09-22 14:31:40 - 상세 페이지가 로드되기를 기다립니다...
[INFO] 2025-09-22 14:31:41 - ✅ 상세 페이지 로드 완료.
[INFO] 2025-09-22 14:31:42 - ✅ 스팸률 '0.54 %' 가져오기 성공.
[INFO] 2025-09-22 14:31:42 - 스팸 문서 크롤링을 시작합니다.
[INFO] 2025-09-22 14:31:42 - '스팸문서 예시' 섹션을 찾았습니다.
[INFO] 2025-09-22 14:31:45 - ✅ 페이지당 100개 보기로 변경했습니다.
[INFO] 2025-09-22 14:31:50 - ✅ 63개의 스팸 문서를 성공적으로 수집했습니다.
[INFO] 2025-09-22 14:31:50 - ✅ 스팸 문서 63건 수집 완료.
[INFO] 2025-09-22 14:31:52 - ★ 크롬 브라우저 종료 완료 ★
[INFO] 2025-09-22 14:36:28 - ★ 스팸률 수집 작업을 시작합니다. ★
[INFO] 2025-09-22 14:36:28 - 웹 드라이버 설정을 시작합니다.
[INFO] 2025-09-22 14:36:28 - 헤드리스 모드로 실행합니다.
[INFO] 2025-09-22 14:36:28 - ====== WebDriver manager ======
[INFO] 2025-09-22 14:36:30 - Get LATEST chromedriver version for google-chrome
[INFO] 2025-09-22 14:36:30 - Get LATEST chromedriver version for google-chrome
[INFO] 2025-09-22 14:36:31 - Driver [C:\Users\KnWorks\.wdm\drivers\chromedriver\win64\140.0.7339.185\chromedriver-win32/chromedriver.exe] found in cache
[INFO] 2025-09-22 14:36:33 - 웹 드라이버가 성공적으로 생성되었습니다.
[INFO] 2025-09-22 14:36:34 - 로그인 페이지로 이동: https://dsat.dev.9rum.cc/#/user/login
[INFO] 2025-09-22 14:36:35 - 아이디와 비밀번호를 입력했습니다.
[INFO] 2025-09-22 14:36:36 - ✅ DSAT 로그인에 성공했습니다.
[INFO] 2025-09-22 14:36:36 - 홈 페이지로 이동: https://dsat.dev.9rum.cc/#/home
[INFO] 2025-09-22 14:36:38 - ✅ '평가 진행율' 값 '85%' 가져오기 성공.
[INFO] 2025-09-22 14:36:38 - 평가 현황 섹션 7개를 찾았습니다.
[INFO] 2025-09-22 14:36:38 - ✅ 평가 현황 정보 수집 완료.
[INFO] 2025-09-22 14:36:38 - 햄/스팸 섹션 7개를 찾았습니다.
[INFO] 2025-09-22 14:36:38 - ✅ 햄/스팸 문서 개수 정보 수집 완료.
[INFO] 2025-09-22 14:36:38 - 평가리포트 페이지로 이동: https://dsat.dev.9rum.cc/#/valuation/result/report
[INFO] 2025-09-22 14:36:38 - 리포트 카드 목록이 나타나기를 기다립니다...
[INFO] 2025-09-22 14:36:39 - ✅ 총 12개의 리포트 카드를 찾았습니다.
[INFO] 2025-09-22 14:36:39 - '대기중' 상태의 리포트를 찾았습니다.
[INFO] 2025-09-22 14:36:39 - 클릭할 리포트: 이미지 2025년 9차
[INFO] 2025-09-22 14:36:39 - 상세 페이지가 로드되기를 기다립니다...
[INFO] 2025-09-22 14:36:40 - ✅ 상세 페이지 로드 완료.
[INFO] 2025-09-22 14:36:40 - ✅ 스팸률 '0.53 %' 가져오기 성공.
[INFO] 2025-09-22 14:36:40 - 스팸 문서 크롤링을 시작합니다.
[INFO] 2025-09-22 14:36:40 - '스팸문서 예시' 섹션을 찾았습니다.
[INFO] 2025-09-22 14:36:43 - ✅ 페이지당 100개 보기로 변경했습니다.
[INFO] 2025-09-22 14:36:45 - ✅ 63개의 스팸 문서를 성공적으로 수집했습니다.
[INFO] 2025-09-22 14:36:45 - ✅ 스팸 문서 63건 수집 완료.
[INFO] 2025-09-22 14:36:48 - ★ 크롬 브라우저 종료 완료 ★
