[INFO] 2025-09-22 14:43:34 - ★ 스팸률 수집 작업을 시작합니다. ★
[INFO] 2025-09-22 14:43:34 - 웹 드라이버 설정을 시작합니다.
[INFO] 2025-09-22 14:43:34 - 헤드리스 모드로 실행합니다.
[INFO] 2025-09-22 14:43:34 - ====== WebDriver manager ======
[INFO] 2025-09-22 14:43:37 - Get LATEST chromedriver version for google-chrome
[INFO] 2025-09-22 14:43:38 - Get LATEST chromedriver version for google-chrome
[INFO] 2025-09-22 14:43:38 - Driver [C:\Users\KnWorks\.wdm\drivers\chromedriver\win64\140.0.7339.185\chromedriver-win32/chromedriver.exe] found in cache
[INFO] 2025-09-22 14:43:41 - 웹 드라이버가 성공적으로 생성되었습니다.
[INFO] 2025-09-22 14:43:44 - 로그인 페이지로 이동: https://dsat.dev.9rum.cc/#/user/login
[INFO] 2025-09-22 14:43:44 - 아이디와 비밀번호를 입력했습니다.
[INFO] 2025-09-22 14:43:45 - ✅ DSAT 로그인에 성공했습니다.
[INFO] 2025-09-22 14:43:45 - 홈 페이지로 이동: https://dsat.dev.9rum.cc/#/home
[INFO] 2025-09-22 14:43:48 - ✅ '평가 진행율' 값 '85%' 가져오기 성공.
[INFO] 2025-09-22 14:43:48 - 평가 현황 섹션 7개를 찾았습니다.
[INFO] 2025-09-22 14:43:48 - ✅ 평가 현황 정보 수집 완료.
[INFO] 2025-09-22 14:43:48 - 햄/스팸 섹션 7개를 찾았습니다.
[INFO] 2025-09-22 14:43:48 - ✅ 햄/스팸 문서 개수 정보 수집 완료.
[INFO] 2025-09-22 14:43:48 - 평가리포트 페이지로 이동: https://dsat.dev.9rum.cc/#/valuation/result/report
[INFO] 2025-09-22 14:43:49 - 리포트 카드 목록이 나타나기를 기다립니다...
[INFO] 2025-09-22 14:43:49 - ✅ 총 12개의 리포트 카드를 찾았습니다.
[INFO] 2025-09-22 14:43:49 - '대기중' 상태의 리포트를 찾았습니다.
[INFO] 2025-09-22 14:43:50 - 클릭할 리포트: 이미지 2025년 9차
[INFO] 2025-09-22 14:43:50 - 상세 페이지가 로드되기를 기다립니다...
[INFO] 2025-09-22 14:43:50 - ✅ 상세 페이지 로드 완료.
[INFO] 2025-09-22 14:43:51 - ✅ 스팸률 '0.53 %' 가져오기 성공.
[INFO] 2025-09-22 14:43:51 - 스팸 문서 크롤링을 시작합니다.
[INFO] 2025-09-22 14:43:51 - '스팸문서 예시' 섹션을 찾았습니다.
[INFO] 2025-09-22 14:43:54 - ✅ 페이지당 100개 보기로 변경했습니다.
[INFO] 2025-09-22 14:44:04 - ✅ 63개의 스팸 문서를 성공적으로 수집했습니다.
[INFO] 2025-09-22 14:44:04 - ✅ 스팸 문서 63건 수집 완료.
[INFO] 2025-09-22 14:44:07 - ★ 크롬 브라우저 종료 완료 ★
